Log file open, 10/01/16 10:08:50
LogInit:Display: Running engine for game: mitCar
LogPlatformFile: Not using cached read wrapper
LogInit:Display: RandInit(1833354657) SRandInit(1833354657).
LogTaskGraph: Started task graph with 5 named threads and 8 total threads with 1 sets of task threads.
LogStats: Stats thread started at 0.149702
LogPluginManager: Loaded Plugin Paper2D, From E:/Program Files (x86)/Epic Games/4.13/Engine/Plugins/2D/Paper2D/Paper2D.uplugin
LogPluginManager: Loaded Plugin LightPropagationVolume, From E:/Program Files (x86)/Epic Games/4.13/Engine/Plugins/Blendables/LightPropagationVolume/LightPropagationVolume.uplugin
LogPluginManager: Loaded Plugin BlankPlugin, From E:/Program Files (x86)/Epic Games/4.13/Engine/Plugins/Developer/BlankPlugin/BlankPlugin.uplugin
LogPluginManager: Loaded Plugin CodeLiteSourceCodeAccess, From E:/Program Files (x86)/Epic Games/4.13/Engine/Plugins/Developer/CodeLiteSourceCodeAccess/CodeLiteSourceCodeAccess.uplugin
LogPluginManager: Loaded Plugin GitSourceControl, From E:/Program Files (x86)/Epic Games/4.13/Engine/Plugins/Developer/GitSourceControl/GitSourceControl.uplugin
LogPluginManager: Loaded Plugin KDevelopSourceCodeAccess, From E:/Program Files (x86)/Epic Games/4.13/Engine/Plugins/Developer/KDevelopSourceCodeAccess/KDevelopSourceCodeAccess.uplugin
LogPluginManager: Loaded Plugin NullSourceCodeAccess, From E:/Program Files (x86)/Epic Games/4.13/Engine/Plugins/Developer/NullSourceCodeAccess/NullSourceCodeAccess.uplugin
LogPluginManager: Loaded Plugin OneSkyLocalizationService, From E:/Program Files (x86)/Epic Games/4.13/Engine/Plugins/Developer/OneSkyLocalizationService/OneSkyLocalizationService.uplugin
LogPluginManager: Loaded Plugin PerforceSourceControl, From E:/Program Files (x86)/Epic Games/4.13/Engine/Plugins/Developer/PerforceSourceControl/PerforceSourceControl.uplugin
LogPluginManager: Loaded Plugin SubversionSourceControl, From E:/Program Files (x86)/Epic Games/4.13/Engine/Plugins/Developer/SubversionSourceControl/SubversionSourceControl.uplugin
LogPluginManager: Loaded Plugin UObjectPlugin, From E:/Program Files (x86)/Epic Games/4.13/Engine/Plugins/Developer/UObjectPlugin/UObjectPlugin.uplugin
LogPluginManager: Loaded Plugin VisualStudioSourceCodeAccess, From E:/Program Files (x86)/Epic Games/4.13/Engine/Plugins/Developer/VisualStudioSourceCodeAccess/VisualStudioSourceCodeAccess.uplugin
LogPluginManager: Loaded Plugin XCodeSourceCodeAccess, From E:/Program Files (x86)/Epic Games/4.13/Engine/Plugins/Developer/XCodeSourceCodeAccess/XCodeSourceCodeAccess.uplugin
LogPluginManager: Loaded Plugin EpicSurvey, From E:/Program Files (x86)/Epic Games/4.13/Engine/Plugins/Editor/EpicSurvey/EpicSurvey.uplugin
LogPluginManager: Loaded Plugin MacGraphicsSwitching, From E:/Program Files (x86)/Epic Games/4.13/Engine/Plugins/Editor/MacGraphicsSwitching/MacGraphicsSwitching.uplugin
LogPluginManager: Loaded Plugin MobileLauncherProfileWizard, From E:/Program Files (x86)/Epic Games/4.13/Engine/Plugins/Editor/MobileLauncherProfileWizard/MobileLauncherProfileWizard.uplugin
LogPluginManager: Loaded Plugin PluginBrowser, From E:/Program Files (x86)/Epic Games/4.13/Engine/Plugins/Editor/PluginBrowser/PluginBrowser.uplugin
LogPluginManager: Loaded Plugin SpeedTreeImporter, From E:/Program Files (x86)/Epic Games/4.13/Engine/Plugins/Editor/SpeedTreeImporter/SpeedTreeImporter.uplugin
LogPluginManager: Loaded Plugin SuperSearchEditor, From E:/Program Files (x86)/Epic Games/4.13/Engine/Plugins/Editor/SuperSearchEditor/SuperSearchEditor.uplugin
LogPluginManager: Loaded Plugin AlembicImporter, From E:/Program Files (x86)/Epic Games/4.13/Engine/Plugins/Experimental/AlembicImporter/AlembicImporter.uplugin
LogPluginManager: Loaded Plugin BlueprintStats, From E:/Program Files (x86)/Epic Games/4.13/Engine/Plugins/Experimental/BlueprintStats/BlueprintStats.uplugin
LogPluginManager: Loaded Plugin CharacterAI, From E:/Program Files (x86)/Epic Games/4.13/Engine/Plugins/Experimental/CharacterAI/CharacterAI.uplugin
LogPluginManager: Loaded Plugin CodeEditor, From E:/Program Files (x86)/Epic Games/4.13/Engine/Plugins/Experimental/CodeEditor/CodeEditor.uplugin
LogPluginManager: Loaded Plugin CodeView, From E:/Program Files (x86)/Epic Games/4.13/Engine/Plugins/Experimental/CodeView/CodeView.uplugin
LogPluginManager: Loaded Plugin HTML5Networking, From E:/Program Files (x86)/Epic Games/4.13/Engine/Plugins/Experimental/HTML5Networking/HTML5Networking.uplugin
LogPluginManager: Loaded Plugin LiveEditor, From E:/Program Files (x86)/Epic Games/4.13/Engine/Plugins/Experimental/LiveEditor/LiveEditor.uplugin
LogPluginManager: Loaded Plugin OSVR, From E:/Program Files (x86)/Epic Games/4.13/Engine/Plugins/Experimental/OSVR/OSVR.uplugin
LogPluginManager: Loaded Plugin Phya, From E:/Program Files (x86)/Epic Games/4.13/Engine/Plugins/Experimental/Phya/Phya.uplugin
LogPluginManager: Loaded Plugin SignificanceManager, From E:/Program Files (x86)/Epic Games/4.13/Engine/Plugins/Experimental/SignificanceManager/SignificanceManager.uplugin
LogPluginManager: Loaded Plugin SimpleHMD, From E:/Program Files (x86)/Epic Games/4.13/Engine/Plugins/Experimental/SimpleHMD/SimpleHMD.uplugin
LogPluginManager: Loaded Plugin StereoPanorama, From E:/Program Files (x86)/Epic Games/4.13/Engine/Plugins/Experimental/StereoPanorama/StereoPanorama.uplugin
LogPluginManager: Loaded Plugin StructBox, From E:/Program Files (x86)/Epic Games/4.13/Engine/Plugins/Experimental/StructBox/StructBox.uplugin
LogPluginManager: Loaded Plugin AndroidMedia, From E:/Program Files (x86)/Epic Games/4.13/Engine/Plugins/Media/AndroidMedia/AndroidMedia.uplugin
LogPluginManager: Loaded Plugin AvfMedia, From E:/Program Files (x86)/Epic Games/4.13/Engine/Plugins/Media/AvfMedia/AvfMedia.uplugin
LogPluginManager: Loaded Plugin MediaPlayerEditor, From E:/Program Files (x86)/Epic Games/4.13/Engine/Plugins/Media/MediaPlayerEditor/MediaPlayerEditor.uplugin
LogPluginManager: Loaded Plugin WmfMedia, From E:/Program Files (x86)/Epic Games/4.13/Engine/Plugins/Media/WmfMedia/WmfMedia.uplugin
LogPluginManager: Loaded Plugin MessagingDebugger, From E:/Program Files (x86)/Epic Games/4.13/Engine/Plugins/Messaging/MessagingDebugger/MessagingDebugger.uplugin
LogPluginManager: Loaded Plugin TcpMessaging, From E:/Program Files (x86)/Epic Games/4.13/Engine/Plugins/Messaging/TcpMessaging/TcpMessaging.uplugin
LogPluginManager: Loaded Plugin UdpMessaging, From E:/Program Files (x86)/Epic Games/4.13/Engine/Plugins/Messaging/UdpMessaging/UdpMessaging.uplugin
LogPluginManager: Loaded Plugin LevelSequenceEditor, From E:/Program Files (x86)/Epic Games/4.13/Engine/Plugins/MovieScene/LevelSequenceEditor/LevelSequenceEditor.uplugin
LogPluginManager: Loaded Plugin MatineeToLevelSequence, From E:/Program Files (x86)/Epic Games/4.13/Engine/Plugins/MovieScene/MatineeToLevelSequence/MatineeToLevelSequence.uplugin
LogPluginManager: Loaded Plugin NetcodeUnitTest, From E:/Program Files (x86)/Epic Games/4.13/Engine/Plugins/NetcodeUnitTest/NetcodeUnitTest/NetcodeUnitTest.uplugin
LogPluginManager: Loaded Plugin NUTUnrealEngine4, From E:/Program Files (x86)/Epic Games/4.13/Engine/Plugins/NetcodeUnitTest/NUTUnrealEngine4/NUTUnrealEngine4.uplugin
LogPluginManager: Loaded Plugin OnlineSubsystemGooglePlay, From E:/Program Files (x86)/Epic Games/4.13/Engine/Plugins/Online/Android/OnlineSubsystemGooglePlay/OnlineSubsystemGooglePlay.uplugin
LogPluginManager: Loaded Plugin OnlineSubsystemIOS, From E:/Program Files (x86)/Epic Games/4.13/Engine/Plugins/Online/IOS/OnlineSubsystemIOS/OnlineSubsystemIOS.uplugin
LogPluginManager: Loaded Plugin OnlineFramework, From E:/Program Files (x86)/Epic Games/4.13/Engine/Plugins/Online/OnlineFramework/OnlineFramework.uplugin
LogPluginManager: Loaded Plugin OnlineSubsystem, From E:/Program Files (x86)/Epic Games/4.13/Engine/Plugins/Online/OnlineSubsystem/OnlineSubsystem.uplugin
LogPluginManager: Loaded Plugin OnlineSubsystemAmazon, From E:/Program Files (x86)/Epic Games/4.13/Engine/Plugins/Online/OnlineSubsystemAmazon/OnlineSubsystemAmazon.uplugin
LogPluginManager: Loaded Plugin OnlineSubsystemFacebook, From E:/Program Files (x86)/Epic Games/4.13/Engine/Plugins/Online/OnlineSubsystemFacebook/OnlineSubsystemFacebook.uplugin
LogPluginManager: Loaded Plugin OnlineSubsystemNull, From E:/Program Files (x86)/Epic Games/4.13/Engine/Plugins/Online/OnlineSubsystemNull/OnlineSubsystemNull.uplugin
LogPluginManager: Loaded Plugin OnlineSubsystemOculus, From E:/Program Files (x86)/Epic Games/4.13/Engine/Plugins/Online/OnlineSubsystemOculus/OnlineSubsystemOculus.uplugin
LogPluginManager: Loaded Plugin OnlineSubsystemSteam, From E:/Program Files (x86)/Epic Games/4.13/Engine/Plugins/Online/OnlineSubsystemSteam/OnlineSubsystemSteam.uplugin
LogPluginManager: Loaded Plugin OnlineSubsystemUtils, From E:/Program Files (x86)/Epic Games/4.13/Engine/Plugins/Online/OnlineSubsystemUtils/OnlineSubsystemUtils.uplugin
LogPluginManager: Loaded Plugin IOSTapJoy, From E:/Program Files (x86)/Epic Games/4.13/Engine/Plugins/Runtime/Advertising/IOSTapJoy/IOSTapJoy.uplugin
LogPluginManager: Loaded Plugin AnalyticsBlueprintLibrary, From E:/Program Files (x86)/Epic Games/4.13/Engine/Plugins/Runtime/Analytics/AnalyticsBlueprintLibrary/AnalyticsBlueprintLibrary.uplugin
LogPluginManager: Loaded Plugin AnalyticsMulticast, From E:/Program Files (x86)/Epic Games/4.13/Engine/Plugins/Runtime/Analytics/AnalyticsMulticast/AnalyticsMulticast.uplugin
LogPluginManager: Loaded Plugin Apsalar, From E:/Program Files (x86)/Epic Games/4.13/Engine/Plugins/Runtime/Analytics/Apsalar/Apsalar.uplugin
LogPluginManager: Loaded Plugin FileLogging, From E:/Program Files (x86)/Epic Games/4.13/Engine/Plugins/Runtime/Analytics/FileLogging/FileLogging.uplugin
LogPluginManager: Loaded Plugin Flurry, From E:/Program Files (x86)/Epic Games/4.13/Engine/Plugins/Runtime/Analytics/Flurry/Flurry.uplugin
LogPluginManager: Loaded Plugin AndroidDeviceProfileSelector, From E:/Program Files (x86)/Epic Games/4.13/Engine/Plugins/Runtime/AndroidDeviceProfileSelector/AndroidDeviceProfileSelector.uplugin
LogPluginManager: Loaded Plugin AndroidMoviePlayer, From E:/Program Files (x86)/Epic Games/4.13/Engine/Plugins/Runtime/AndroidMoviePlayer/AndroidMoviePlayer.uplugin
LogPluginManager: Loaded Plugin AppleMoviePlayer, From E:/Program Files (x86)/Epic Games/4.13/Engine/Plugins/Runtime/AppleMoviePlayer/AppleMoviePlayer.uplugin
LogPluginManager: Loaded Plugin ArchVisCharacter, From E:/Program Files (x86)/Epic Games/4.13/Engine/Plugins/Runtime/ArchVisCharacter/ArchVisCharacter.uplugin
LogPluginManager: Loaded Plugin CableComponent, From E:/Program Files (x86)/Epic Games/4.13/Engine/Plugins/Runtime/CableComponent/CableComponent.uplugin
LogPluginManager: Loaded Plugin CustomMeshComponent, From E:/Program Files (x86)/Epic Games/4.13/Engine/Plugins/Runtime/CustomMeshComponent/CustomMeshComponent.uplugin
LogPluginManager: Loaded Plugin ExampleDeviceProfileSelector, From E:/Program Files (x86)/Epic Games/4.13/Engine/Plugins/Runtime/ExampleDeviceProfileSelector/ExampleDeviceProfileSelector.uplugin
LogPluginManager: Loaded Plugin GearVR, From E:/Program Files (x86)/Epic Games/4.13/Engine/Plugins/Runtime/GearVR/GearVR.uplugin
LogPluginManager: Loaded Plugin GoogleVRController, From E:/Program Files (x86)/Epic Games/4.13/Engine/Plugins/Runtime/GoogleVR/GoogleVRController/GoogleVRController.uplugin
LogPluginManager: Loaded Plugin GoogleVRHMD, From E:/Program Files (x86)/Epic Games/4.13/Engine/Plugins/Runtime/GoogleVR/GoogleVRHMD/GoogleVRHMD.uplugin
LogPluginManager: Loaded Plugin IOSDeviceProfileSelector, From E:/Program Files (x86)/Epic Games/4.13/Engine/Plugins/Runtime/IOSDeviceProfileSelector/IOSDeviceProfileSelector.uplugin
LogPluginManager: Loaded Plugin LeapMotion, From E:/Program Files (x86)/Epic Games/4.13/Engine/Plugins/Runtime/LeapMotion/LeapMotion.uplugin
LogPluginManager: Loaded Plugin LinuxDeviceProfileSelector, From E:/Program Files (x86)/Epic Games/4.13/Engine/Plugins/Runtime/LinuxDeviceProfileSelector/LinuxDeviceProfileSelector.uplugin
LogPluginManager: Loaded Plugin LiveEditorListenServer, From E:/Program Files (x86)/Epic Games/4.13/Engine/Plugins/Runtime/LiveEditorListenServer/LiveEditorListenServer.uplugin
LogPluginManager: Loaded Plugin OculusAudio, From E:/Program Files (x86)/Epic Games/4.13/Engine/Plugins/Runtime/OculusAudio/OculusAudio.uplugin
LogPluginManager: Loaded Plugin OculusInput, From E:/Program Files (x86)/Epic Games/4.13/Engine/Plugins/Runtime/OculusInput/OculusInput.uplugin
LogPluginManager: Loaded Plugin OculusLibrary, From E:/Program Files (x86)/Epic Games/4.13/Engine/Plugins/Runtime/OculusLibrary/OculusLibrary.uplugin
LogPluginManager: Loaded Plugin OculusRift, From E:/Program Files (x86)/Epic Games/4.13/Engine/Plugins/Runtime/OculusRift/OculusRift.uplugin
LogPluginManager: Loaded Plugin Oodle, From E:/Program Files (x86)/Epic Games/4.13/Engine/Plugins/Runtime/PacketHandlers/CompressionComponents/Oodle/Oodle.uplugin
LogPluginManager: Loaded Plugin ProceduralMeshComponent, From E:/Program Files (x86)/Epic Games/4.13/Engine/Plugins/Runtime/ProceduralMeshComponent/ProceduralMeshComponent.uplugin
LogPluginManager: Loaded Plugin SoundMod, From E:/Program Files (x86)/Epic Games/4.13/Engine/Plugins/Runtime/SoundMod/SoundMod.uplugin
LogPluginManager: Loaded Plugin SoundVisualizations, From E:/Program Files (x86)/Epic Games/4.13/Engine/Plugins/Runtime/SoundVisualizations/SoundVisualizations.uplugin
LogPluginManager: Loaded Plugin SteamController, From E:/Program Files (x86)/Epic Games/4.13/Engine/Plugins/Runtime/Steam/SteamController/SteamController.uplugin
LogPluginManager: Loaded Plugin SteamVR, From E:/Program Files (x86)/Epic Games/4.13/Engine/Plugins/Runtime/Steam/SteamVR/SteamVR.uplugin
LogPluginManager: Loaded Plugin WebBrowserWidget, From E:/Program Files (x86)/Epic Games/4.13/Engine/Plugins/Runtime/WebBrowserWidget/WebBrowserWidget.uplugin
LogPluginManager: Loaded Plugin WindowsDeviceProfileSelector, From E:/Program Files (x86)/Epic Games/4.13/Engine/Plugins/Runtime/WindowsDeviceProfileSelector/WindowsDeviceProfileSelector.uplugin
LogPluginManager: Loaded Plugin WindowsMoviePlayer, From E:/Program Files (x86)/Epic Games/4.13/Engine/Plugins/Runtime/WindowsMoviePlayer/WindowsMoviePlayer.uplugin
LogPluginManager: Loaded Plugin ScriptPlugin, From E:/Program Files (x86)/Epic Games/4.13/Engine/Plugins/ScriptPlugin/ScriptPlugin.uplugin
LogPluginManager: Loaded Plugin SlateRemote, From E:/Program Files (x86)/Epic Games/4.13/Engine/Plugins/Slate/SlateRemote/SlateRemote.uplugin
LogInit: Using libcurl 7.47.1
LogInit:  - built for x86_64-pc-win32
LogInit:  - supports SSL with WinSSL
LogInit:  - other features:
LogInit:      CURL_VERSION_SSL
LogInit:      CURL_VERSION_IPV6
LogInit:      CURL_VERSION_ASYNCHDNS
LogInit:      CURL_VERSION_LARGEFILE
LogInit:      CURL_VERSION_IDN
LogInit:  CurlRequestOptions (configurable via config and command line):
LogInit:  - bVerifyPeer = false  - Libcurl will NOT verify peer certificate
LogInit:  - bUseHttpProxy = false  - Libcurl will NOT use HTTP proxy
LogInit:  - bDontReuseConnections = false  - Libcurl will reuse connections
LogInit:  - CertBundlePath = nullptr  - Libcurl will use whatever was configured at build time.
LogInit: Build: ++UE4+Release-4.13-CL-3142249
LogInit: Engine Version: 4.13.1-3142249+++UE4+Release-4.13
LogInit: Compatible Engine Version: 4.13.0-3106830+++UE4+Release-4.13
LogInit: Net CL: 3142249
LogDevObjectVersion: Number of dev versions registered: 13
LogDevObjectVersion:   Dev-Blueprints (B0D832E4-1F89-4F0D-ACCF-7EB736FD4AA2): 5
LogDevObjectVersion:   Dev-Build (E1C64328-A22C-4D53-A36C-8E866417BD8C): 0
LogDevObjectVersion:   Dev-Core (375EC13C-06E4-48FB-B500-84F0262A717E): 1
LogDevObjectVersion:   Dev-Editor (E4B068ED-F494-42E9-A231-DA0B2E46BB41): 6
LogDevObjectVersion:   Dev-Framework (CFFC743F-43B0-4480-9391-14DF171D2073): 12
LogDevObjectVersion:   Dev-Mobile (B02B49B5-BB20-44E9-A304-32B752E40360): 0
LogDevObjectVersion:   Dev-Networking (A4E4105C-59A1-49B5-A7C5-40C4547EDFEE): 0
LogDevObjectVersion:   Dev-Online (39C831C9-5AE6-47DC-9A44-9C173E1C8E7C): 0
LogDevObjectVersion:   Dev-Physics (78F01B33-EBEA-4F98-B9B4-84EACCB95AA2): 0
LogDevObjectVersion:   Dev-Platform (6631380F-2D4D-43E0-8009-CF276956A95A): 0
LogDevObjectVersion:   Dev-Rendering (12F88B9F-8875-4AFC-A67C-D90C383ABD29): 4
LogDevObjectVersion:   Dev-Sequencer (7B5AE74C-D270-4C10-A958-57980B212A5A): 0
LogDevObjectVersion:   Dev-VR (D7296918-1DD6-4BDD-9DE2-64A83CC13884): 0
LogInit: Compiled (64-bit): Sep 28 2016 02:12:12
LogInit: Compiled with Visual C++: 19.00.23026.00
LogInit: Build Configuration: Development
LogInit: Branch Name: ++UE4+Release-4.13
LogInit: Command line: -EpicPortal 
LogInit: Base directory: E:/Program Files (x86)/Epic Games/4.13/Engine/Binaries/Win64/
LogInit: Installed Engine Build: 1
LogInit: Presizing for max 8388607 objects, including 0 objects not considered by GC, pre-allocating 0 bytes for permanent pool.
LogInit: Object subsystem initialized
[2016.10.01-08.08.51:146][  0]LogInit: Selected Device Profile: [Windows]
[2016.10.01-08.08.51:146][  0]LogInit: Applying CVar settings loaded from the selected device profile: [Windows]
[2016.10.01-08.08.51:201][  0]LogInit: Computer: CJHOX-LAPTOP
[2016.10.01-08.08.51:201][  0]LogInit: User: Joel
[2016.10.01-08.08.51:201][  0]LogInit: CPU Page size=65536, Cores=4
[2016.10.01-08.08.51:201][  0]LogInit: High frequency timer resolution =2.240911 MHz
[2016.10.01-08.08.51:202][  0]LogMemory: Memory total: Physical=7.9GB (8GB approx)
[2016.10.01-08.08.51:202][  0]LogMemory: Platform Memory Stats for Windows
[2016.10.01-08.08.51:202][  0]LogMemory: Process Physical Memory: 255.73 MB used, 255.73 MB peak
[2016.10.01-08.08.51:202][  0]LogMemory: Process Virtual Memory: 260.10 MB used, 260.10 MB peak
[2016.10.01-08.08.51:202][  0]LogMemory: Physical Memory: 3857.89 MB used, 8082.58 MB total
[2016.10.01-08.08.51:202][  0]LogMemory: Virtual Memory: 624.57 MB used, 134217728.00 MB total
[2016.10.01-08.08.51:283][  0]LogTextLocalizationManager: No translations for ('de-CH') exist, falling back to 'en' for localization and internationalization data.
[2016.10.01-08.08.52:614][  0]LogD3D11RHI: D3D11 adapters:
[2016.10.01-08.08.52:701][  0]LogD3D11RHI:    0. 'NVIDIA GeForce GT 740M              ' (Feature Level 11_0)
[2016.10.01-08.08.52:701][  0]LogD3D11RHI:       1997/0/4041 MB DedicatedVideo/DedicatedSystem/SharedSystem, Outputs:1, VendorId:0x10de
[2016.10.01-08.08.52:729][  0]LogD3D11RHI:    1. 'Intel(R) HD Graphics 4600' (Feature Level 11_0)
[2016.10.01-08.08.52:729][  0]LogD3D11RHI:       112/0/4041 MB DedicatedVideo/DedicatedSystem/SharedSystem, Outputs:0, VendorId:0x8086
[2016.10.01-08.08.52:739][  0]LogD3D11RHI:    2. 'Microsoft Basic Render Driver' (Feature Level 11_0)
[2016.10.01-08.08.52:739][  0]LogD3D11RHI:       0/0/4041 MB DedicatedVideo/DedicatedSystem/SharedSystem, Outputs:0, VendorId:0x1414
[2016.10.01-08.08.52:739][  0]LogD3D11RHI: Chosen D3D11 Adapter: 0
[2016.10.01-08.08.52:761][  0]LogD3D11RHI: Creating new Direct3DDevice
[2016.10.01-08.08.52:761][  0]LogD3D11RHI:     GPU DeviceId: 0x1292 (for the marketing name, search the web for "GPU Device Id")
[2016.10.01-08.08.52:762][  0]LogWindows: EnumDisplayDevices:
[2016.10.01-08.08.52:765][  0]LogWindows:    0. 'Intel(R) HD Graphics 4600' (P:1 D:1)
[2016.10.01-08.08.52:774][  0]LogWindows:    1. 'Intel(R) HD Graphics 4600' (P:0 D:0)
[2016.10.01-08.08.52:782][  0]LogWindows:    2. 'Intel(R) HD Graphics 4600' (P:0 D:0)
[2016.10.01-08.08.52:788][  0]LogWindows: DebugString: PrimaryIsNotTheChoosenAdapter PrimaryIsNotTheChoosenAdapter PrimaryIsNotTheChoosenAdapter FoundDriverCount:0 
[2016.10.01-08.08.52:788][  0]LogD3D11RHI:     Adapter Name: NVIDIA GeForce GT 740M              
[2016.10.01-08.08.52:788][  0]LogD3D11RHI:   Driver Version: Unknown (internal:Unknown, unified:Unknown)
[2016.10.01-08.08.52:788][  0]LogD3D11RHI:      Driver Date: Unknown
[2016.10.01-08.08.52:788][  0]LogRHI: Texture pool is 1361 MB (70% of 1945 MB)
[2016.10.01-08.08.52:847][  0]LogD3D11RHI: Async texture creation enabled
[2016.10.01-08.08.52:871][  0]LogD3D11RHI: GPU Timing Frequency: 1000.000000 (Debug: 2 1)
[2016.10.01-08.08.52:872][  0]LogShaderCompilers: Guid format shader working directory is -19 characters bigger than the processId version (../../../../../../Projekte/SA/VRmotion_HSR-Game/Prototyp/mitCar/Intermediate/Shaders/WorkingDirectory/13792/).
[2016.10.01-08.08.52:872][  0]LogShaderCompilers: Cleaned the shader compiler working directory 'C:/Users/Joel/AppData/Local/Temp/UnrealShaderWorkingDir/F2F53AE54E7547C48CEB3FA0FA059526/'.
[2016.10.01-08.08.52:873][  0]LogShaderCompilers:Display: Using Local Shader Compiler.
[2016.10.01-08.08.55:388][  0]LogTemp:Display: Loaded TP AllDesktopTargetPlatform
[2016.10.01-08.08.55:416][  0]LogTemp:Display: Loaded TP WindowsClientTargetPlatform
[2016.10.01-08.08.55:437][  0]LogTemp:Display: Loaded TP WindowsNoEditorTargetPlatform
[2016.10.01-08.08.55:458][  0]LogTemp:Display: Loaded TP WindowsServerTargetPlatform
[2016.10.01-08.08.55:485][  0]LogTemp:Display: Loaded TP WindowsTargetPlatform
[2016.10.01-08.08.55:507][  0]LogTemp:Display: Loaded TP AndroidTargetPlatform
[2016.10.01-08.08.55:523][  0]LogTemp:Display: Loaded TP Android_ASTCTargetPlatform
[2016.10.01-08.08.55:549][  0]LogTemp:Display: Loaded TP Android_ATCTargetPlatform
[2016.10.01-08.08.55:578][  0]LogTemp:Display: Loaded TP Android_DXTTargetPlatform
[2016.10.01-08.08.55:600][  0]LogTemp:Display: Loaded TP Android_ETC1TargetPlatform
[2016.10.01-08.08.55:617][  0]LogTemp:Display: Loaded TP Android_ETC2TargetPlatform
[2016.10.01-08.08.55:653][  0]LogTemp:Display: Loaded TP Android_MultiTargetPlatform
[2016.10.01-08.08.55:653][  0]LogTemp:Display: Loaded TP Android_PVRTCTargetPlatform
[2016.10.01-08.08.55:657][  0]LogTemp:Display: Loaded TP HTML5TargetPlatform
[2016.10.01-08.08.55:708][  0]LogTemp:Display: Loaded TP IOSTargetPlatform
[2016.10.01-08.08.55:734][  0]LogTemp:Display: Loaded TP TVOSTargetPlatform
[2016.10.01-08.08.55:761][  0]LogTemp:Display: Loaded TP LinuxClientTargetPlatform
[2016.10.01-08.08.55:780][  0]LogTemp:Display: Loaded TP LinuxNoEditorTargetPlatform
[2016.10.01-08.08.55:797][  0]LogTemp:Display: Loaded TP LinuxServerTargetPlatform
[2016.10.01-08.08.55:807][  0]LogTemp:Display: Loaded TP LinuxTargetPlatform
[2016.10.01-08.08.55:807][  0]LogTargetPlatformManager:Display: Building Assets For Windows
[2016.10.01-08.08.56:009][  0]LogDerivedDataCache:Display: Max Cache Size: 512 MB
[2016.10.01-08.08.56:189][  0]LogDerivedDataCache: Loaded boot cache 0.18s 62MB C:/Users/Joel/AppData/Local/UnrealEngine/4.13/DerivedDataCache/Boot.ddc.
[2016.10.01-08.08.56:189][  0]LogDerivedDataCache:Display: Loaded Boot cache: C:/Users/Joel/AppData/Local/UnrealEngine/4.13/DerivedDataCache/Boot.ddc
[2016.10.01-08.08.56:189][  0]LogDerivedDataCache: FDerivedDataBackendGraph:  Pak pak cache file ../../../../../../Projekte/SA/VRmotion_HSR-Game/Prototyp/mitCar/DerivedDataCache/DDC.ddp not found, will not use a pak cache.
[2016.10.01-08.08.56:189][  0]LogDerivedDataCache: Unable to find inner node Pak for hierarchical cache Hierarchy.
[2016.10.01-08.08.56:189][  0]LogDerivedDataCache: FDerivedDataBackendGraph:  CompressedPak pak cache file ../../../../../../Projekte/SA/VRmotion_HSR-Game/Prototyp/mitCar/DerivedDataCache/Compressed.ddp not found, will not use a pak cache.
[2016.10.01-08.08.56:189][  0]LogDerivedDataCache: Unable to find inner node CompressedPak for hierarchical cache Hierarchy.
[2016.10.01-08.08.56:239][  0]LogDerivedDataCache:Display: Pak cache opened for reading ../../../Engine/DerivedDataCache/Compressed.ddp.
[2016.10.01-08.08.56:257][  0]LogDerivedDataCache: Using Local data cache path C:/Users/Joel/AppData/Local/UnrealEngine/Common/DerivedDataCache: Writable
[2016.10.01-08.08.56:798][  0]LogInit: Selected Device Profile: [Windows]
[2016.10.01-08.08.56:808][  0]LogContentStreaming: Texture pool size is 0.00 MB
[2016.10.01-08.08.57:073][  0]LogMeshUtilities: No automatic mesh reduction module available
[2016.10.01-08.08.57:073][  0]LogMeshUtilities: No automatic mesh merging module available
[2016.10.01-08.08.57:073][  0]LogMeshUtilities: No distributed automatic mesh merging module available
[2016.10.01-08.08.57:316][  0]LogMaterial: Uniform references updated for custom material expression Custom.
[2016.10.01-08.08.57:864][  0]LogNetVersion: GetLocalNetworkVersion: CL: 3106830, ProjectName: mitcar, ProjectVersion: , EngineNetworkVersion: 1, GameNetworkVersion: 0, NetworkChecksum: 1811620771
[2016.10.01-08.08.57:912][  0]LogAssetRegistry: FAssetRegistry took 0.0214 seconds to start up
[2016.10.01-08.08.57:946][  0]LogPackageLocalizationCache: Processed 3 localized package path(s) for 1 prioritized culture(s) in 0.029114 seconds
[2016.10.01-08.08.57:955][  0]LogUObjectArray: 29778 objects as part of root set at end of initial load.
[2016.10.01-08.08.57:955][  0]LogUObjectAllocator: 6125456 out of 0 bytes used by permanent object pool.
[2016.10.01-08.08.57:955][  0]LogUObjectArray: CloseDisregardForGC: 0/0 objects in disregard for GC pool
[2016.10.01-08.08.57:973][  0]LogInit: WinSock: version 1.1 (2.2), MaxSocks=32767, MaxUdp=65467
[2016.10.01-08.08.58:378][  0]LogSlate: SlateFontCache - WITH_FREETYPE: 1, WITH_HARFBUZZ: 1
[2016.10.01-08.08.58:378][  0]LogSlate: SlateFontCache - WITH_FREETYPE: 1, WITH_HARFBUZZ: 1
[2016.10.01-08.09.00:352][  0]LogTcpMessaging: Initializing TcpMessaging bridge
[2016.10.01-08.09.00:378][  0]LogUdpMessaging: Initializing bridge on interface 0.0.0.0:0 to multicast group 230.0.0.1:6666.
[2016.10.01-08.09.01:215][  0]SourceControl: Info Source control is disabled
[2016.10.01-08.09.01:662][  0]SourceControl: Info Source control is disabled
[2016.10.01-08.09.01:698][  0]SourceControl: Info Source control is disabled
[2016.10.01-08.09.01:747][  0]SourceControl: Info Source control is disabled
[2016.10.01-08.09.03:066][  0]LogEngine: Initializing Engine...
[2016.10.01-08.09.03:070][  0]LogHMD: Failed to initialize OpenVR with code 110
[2016.10.01-08.09.03:522][  0]LogAIModule: Creating AISystem for world Untitled
[2016.10.01-08.09.03:555][  0]LogInit: XAudio2 using 'Lautsprecher (Conexant 20751 SmartAudio HD)' : 2 channels at 44.1 kHz using 32 bits per sample (channel mask 0x3)
[2016.10.01-08.09.03:621][  0]LogInit: FAudioDevice initialized.
[2016.10.01-08.09.03:723][  0]LogDerivedDataCache: Saved boot cache 0.10s 62MB C:/Users/Joel/AppData/Local/UnrealEngine/4.13/DerivedDataCache/Boot.ddc.
[2016.10.01-08.09.03:751][  0]LogInit: Texture streaming: Enabled
[2016.10.01-08.09.03:879][  0]LogInit: Transaction tracking system initialized
[2016.10.01-08.09.03:969][  0]BlueprintLog: New page: Editor Load
[2016.10.01-08.09.04:243][  0]LocalizationService: Info Localization service is disabled
[2016.10.01-08.09.04:438][  0]LogConsoleResponse:Display: 
[2016.10.01-08.09.04:802][  0]LogCook:Display: Max memory allowance for cook 16384mb min free memory 0mb
[2016.10.01-08.09.04:802][  0]LogCook:Display: Mobile HDR setting 1
[2016.10.01-08.09.05:015][  0]LogFileCache: Scanning file cache for directory 'E:/Projekte/SA/VRmotion_HSR-Game/Prototyp/mitCar/Content/' took 0.02s
[2016.10.01-08.09.05:197][  0]SourceControl: Info Source control is disabled
[2016.10.01-08.09.05:198][  0]Cmd: MAP LOAD FILE="../../../../../../Projekte/SA/VRmotion_HSR-Game/Prototyp/mitCar/Content/VehicleBP/Maps/VehicleExampleMap.umap" TEMPLATE=0 SHOWPROGRESS=1 FEATURELEVEL=3
[2016.10.01-08.09.05:281][  0]LightingResults: New page: Lighting Build
[2016.10.01-08.09.05:292][  0]MapCheck: New page: Map Check
[2016.10.01-08.09.05:292][  0]LightingResults: New page: Lighting Build
[2016.10.01-08.09.08:436][  0]LogAIModule: Creating AISystem for world VehicleExampleMap
[2016.10.01-08.09.08:603][  0]LogEditorServer: Finished looking for orphan Actors (0.000 secs)
[2016.10.01-08.09.08:609][  0]Cmd: MAP CHECKDEP NOCLEARLOG
[2016.10.01-08.09.08:757][  0]MapCheck: Info Map check complete: 0 Error(s), 0 Warning(s), took 148.285ms to complete.
[2016.10.01-08.09.08:757][  0]LogFileHelpers: Loading map 'VehicleExampleMap' took 3.560
[2016.10.01-08.09.09:680][  0]LogCollectionManager: Loaded 0 collections in 0.010437 seconds
[2016.10.01-08.09.09:922][  0]LogFileCache: Scanning file cache for directory 'E:/Projekte/SA/VRmotion_HSR-Game/Prototyp/mitCar/Saved/Collections/' took 0.01s
[2016.10.01-08.09.09:922][  0]LogFileCache: Scanning file cache for directory 'E:/Projekte/SA/VRmotion_HSR-Game/Prototyp/mitCar/Content/Developers/Joel/Collections/' took 0.01s
[2016.10.01-08.09.09:922][  0]LogFileCache: Scanning file cache for directory 'E:/Projekte/SA/VRmotion_HSR-Game/Prototyp/mitCar/Content/Collections/' took 0.01s
[2016.10.01-08.09.09:922][  0]LogCollectionManager: Rebuilt the GUID cache for 0 collections in 0.000009 seconds
[2016.10.01-08.09.10:032][  0]LogContentBrowser: Native class hierarchy populated in 0.0641 seconds. Added 2141 classes and 415 folders.
[2016.10.01-08.09.10:136][  0]LogStats: UGameplayTagsManager::ConstructGameplayTagTree: Construct from data asset -  0.000 s
[2016.10.01-08.09.10:136][  0]LogStats: UGameplayTagsManager::ConstructGameplayTagTree: GameplayTagTreeChangedEvent.Broadcast -  0.000 s
[2016.10.01-08.09.10:153][  0]LogContentBrowser: Native class hierarchy updated for 'GameplayTags' in 0.0027 seconds. Added 12 classes and 0 folders.
[2016.10.01-08.09.10:218][  0]LogContentBrowser: Native class hierarchy updated for 'WidgetCarousel' in 0.0022 seconds. Added 0 classes and 0 folders.
[2016.10.01-08.09.11:948][  0]LogContentBrowser: Native class hierarchy updated for 'AddContentDialog' in 0.0025 seconds. Added 0 classes and 0 folders.
[2016.10.01-08.09.12:005][  0]LogContentBrowser: Native class hierarchy updated for 'SceneOutliner' in 0.0025 seconds. Added 1 classes and 2 folders.
[2016.10.01-08.09.13:571][  0]LogCrashTracker: Crashtracker disabled due to settings.
[2016.10.01-08.09.13:687][  0]LogUObjectGlobals:Warning: Failed to find object 'Class None.'
[2016.10.01-08.09.13:741][  0]LogContentBrowser: Native class hierarchy updated for 'HierarchicalLODOutliner' in 0.0027 seconds. Added 1 classes and 2 folders.
[2016.10.01-08.09.13:742][  0]LogLoad: (Engine Initialization) Total time: 27.34 seconds
[2016.10.01-08.09.13:742][  0]LogLoad: (Engine Initialization) Total Blueprint compile time: 0.62 seconds
[2016.10.01-08.09.13:742][  0]LogExternalProfiler: Found external profiler: VSPerf
[2016.10.01-08.09.13:742][  0]LogExternalProfiler: Using external profiler: VSPerf
[2016.10.01-08.09.13:762][  0]LogOcInput: OculusInput pre-init called
[2016.10.01-08.09.13:872][  0]LogContentStreaming: Texture pool size now 1000 MB
[2016.10.01-08.09.14:927][  0]LogRenderer: Reallocating scene render targets to support 1208x576 (Frame:2).
[2016.10.01-08.09.14:961][  1]LogHttp:Warning: 000001BEABD7B280: request failed, libcurl error: 6 (Couldn't resolve host name)
[2016.10.01-08.09.14:961][  1]LogHttp:Warning: 000001BEABD7B280: libcurl info message cache 8 (Could not resolve host: cdn.unrealengine.com)
[2016.10.01-08.09.14:961][  1]LogHttp:Warning: 000001BEABD7B280: libcurl info message cache 9 (Closing connection 0)
[2016.10.01-08.09.15:212][  3]LogHttp:Warning: 000001BEB1FC7280: request failed, libcurl error: 6 (Couldn't resolve host name)
[2016.10.01-08.09.15:213][  3]LogHttp:Warning: 000001BEB1FC7280: libcurl info message cache 8 (Could not resolve host: cdn.unrealengine.com)
[2016.10.01-08.09.15:213][  3]LogHttp:Warning: 000001BEB1FC7280: libcurl info message cache 9 (Closing connection 1)
[2016.10.01-08.09.15:233][  3]LogAssetRegistry: Asset discovery search completed in 17.3424 seconds
[2016.10.01-08.09.15:233][  3]LogCollectionManager: Rebuilt the object cache for 0 collections in 0.000002 seconds (found 0 objects)
[2016.10.01-08.09.15:233][  3]LogCollectionManager: Fixed up redirectors for 0 collections in 0.000113 seconds (updated 0 objects)
[2016.10.01-08.09.15:285][  5]LogHttp:Warning: 000001BEB1DF4580: request failed, libcurl error: 6 (Couldn't resolve host name)
[2016.10.01-08.09.15:285][  5]LogHttp:Warning: 000001BEB1DF4580: libcurl info message cache 8 (Could not resolve host: cdn.unrealengine.com)
[2016.10.01-08.09.15:285][  5]LogHttp:Warning: 000001BEB1DF4580: libcurl info message cache 9 (Closing connection 2)
[2016.10.01-08.10.13:845][812]LogHttp:Warning: 000001BEB9E67A00: request failed, libcurl error: 6 (Couldn't resolve host name)
[2016.10.01-08.10.13:845][812]LogHttp:Warning: 000001BEB9E67A00: libcurl info message cache 8 (Could not resolve host: datarouter.ol.epicgames.com)
[2016.10.01-08.10.13:845][812]LogHttp:Warning: 000001BEB9E67A00: libcurl info message cache 9 (Closing connection 3)
[2016.10.01-08.10.24:384][188]LogEditorViewport: Clicking on Actor (context menu): StaticMeshActor (RoughTerrain_StaticMesh)
[2016.10.01-08.10.27:895][328]LogEditorViewport: Clicking on Actor (LMB): StaticMeshActor (RoughTerrain_StaticMesh)
[2016.10.01-08.10.28:399][341]Cmd: DELETE
[2016.10.01-08.10.28:399][341]Cmd: ACTOR DELETE
[2016.10.01-08.10.28:490][341]LogEditorActor: Deleted Actor: StaticMeshActor
[2016.10.01-08.10.28:587][341]LogEditorActor: Deleted 1 Actors (0.161 secs)
[2016.10.01-08.10.37:003][629]LogEditorViewport: Clicking on Actor (LMB): StaticMeshActor (Ramp9)
[2016.10.01-08.10.37:712][650]Cmd: DELETE
[2016.10.01-08.10.37:712][650]Cmd: ACTOR DELETE
[2016.10.01-08.10.40:541][650]LogEditorActor: Deleted Actor: StaticMeshActor
[2016.10.01-08.10.41:275][650]LogEditorActor: Deleted Actor: StaticMeshActor
[2016.10.01-08.10.48:248][650]LogEditorActor: Deleted Actor: StaticMeshActor
[2016.10.01-08.10.48:249][650]LogEditorActor: Deleted Actor: StaticMeshActor
[2016.10.01-08.10.48:249][650]LogEditorActor: Deleted Actor: StaticMeshActor
[2016.10.01-08.10.48:250][650]LogEditorActor: Deleted Actor: StaticMeshActor
[2016.10.01-08.10.48:250][650]LogEditorActor: Deleted Actor: StaticMeshActor
[2016.10.01-08.10.48:250][650]LogEditorActor: Deleted Actor: StaticMeshActor
[2016.10.01-08.10.48:251][650]LogEditorActor: Deleted Actor: StaticMeshActor
[2016.10.01-08.10.48:252][650]LogEditorActor: Deleted Actor: StaticMeshActor
[2016.10.01-08.10.48:252][650]LogEditorActor: Deleted Actor: StaticMeshActor
[2016.10.01-08.10.48:253][650]LogEditorActor: Deleted Actor: StaticMeshActor
[2016.10.01-08.10.48:253][650]LogEditorActor: Deleted Actor: StaticMeshActor
[2016.10.01-08.10.48:253][650]LogEditorActor: Deleted Actor: StaticMeshActor
[2016.10.01-08.10.48:254][650]LogEditorActor: Deleted Actor: StaticMeshActor
[2016.10.01-08.10.48:264][650]LogEditorActor: Deleted 15 Actors (10.552 secs)
[2016.10.01-08.10.51:912][779]LogEditorViewport: Clicking on Actor (LMB): StaticMeshActor (Physic_Cube10)
[2016.10.01-08.10.52:593][800]Cmd: DELETE
[2016.10.01-08.10.52:593][800]Cmd: ACTOR DELETE
[2016.10.01-08.10.52:634][800]LogEditorActor: Deleted Actor: StaticMeshActor
[2016.10.01-08.10.52:669][800]LogEditorActor: Deleted 1 Actors (0.075 secs)
[2016.10.01-08.10.54:313][855]LogEditorViewport: Clicking on Actor (LMB): StaticMeshActor (Physic_Cube6)
[2016.10.01-08.10.54:874][873]Cmd: DELETE
[2016.10.01-08.10.54:874][873]Cmd: ACTOR DELETE
[2016.10.01-08.10.54:907][873]LogEditorActor: Deleted Actor: StaticMeshActor
[2016.10.01-08.10.54:927][873]LogEditorActor: Deleted 1 Actors (0.053 secs)
[2016.10.01-08.11.05:028][235]LogEditorViewport: Clicking on Actor (LMB): StaticMeshActor (Physic_Cube7)
[2016.10.01-08.11.05:598][254]Cmd: DELETE
[2016.10.01-08.11.05:598][254]Cmd: ACTOR DELETE
[2016.10.01-08.11.05:614][254]LogEditorActor: Deleted Actor: StaticMeshActor
[2016.10.01-08.11.05:625][254]LogEditorActor: Deleted 1 Actors (0.027 secs)
[2016.10.01-08.11.07:455][323]LogEditorViewport: Clicking on Actor (LMB): StaticMeshActor (Physic_Cube8)
[2016.10.01-08.11.07:866][335]Cmd: DELETE
[2016.10.01-08.11.07:866][335]Cmd: ACTOR DELETE
[2016.10.01-08.11.07:892][335]LogEditorActor: Deleted Actor: StaticMeshActor
[2016.10.01-08.11.07:906][335]LogEditorActor: Deleted 1 Actors (0.039 secs)
[2016.10.01-08.11.09:160][383]LogEditorViewport: Clicking on Actor (LMB): StaticMeshActor (Physic_Cube9)
[2016.10.01-08.11.09:754][401]Cmd: DELETE
[2016.10.01-08.11.09:754][401]Cmd: ACTOR DELETE
[2016.10.01-08.11.09:788][401]LogEditorActor: Deleted Actor: StaticMeshActor
[2016.10.01-08.11.09:810][401]LogEditorActor: Deleted 1 Actors (0.056 secs)
[2016.10.01-08.11.19:947][753]LogEditorViewport: Clicking on Actor (LMB): StaticMeshActor (Wall5)
[2016.10.01-08.11.20:852][783]LogEditorViewport: Clicking on Actor (LMB): StaticMeshActor (Column)
[2016.10.01-08.11.21:388][801]Cmd: DELETE
[2016.10.01-08.11.21:388][801]Cmd: ACTOR DELETE
[2016.10.01-08.11.21:432][801]LogEditorActor: Deleted Actor: StaticMeshActor
[2016.10.01-08.11.21:459][801]LogEditorActor: Deleted 1 Actors (0.071 secs)
[2016.10.01-08.11.27:406][  5]LogEditorViewport: Clicking on Actor (LMB): StaticMeshActor (Physic_Cube)
[2016.10.01-08.11.27:665][ 11]Cmd: DELETE
[2016.10.01-08.11.27:666][ 11]Cmd: ACTOR DELETE
[2016.10.01-08.11.27:696][ 11]LogEditorActor: Deleted Actor: StaticMeshActor
[2016.10.01-08.11.27:716][ 11]LogEditorActor: Deleted 1 Actors (0.050 secs)
[2016.10.01-08.11.29:706][ 87]LogEditorViewport: Clicking on Actor (LMB): StaticMeshActor (Physic_Cube2)
[2016.10.01-08.11.29:974][ 94]Cmd: DELETE
[2016.10.01-08.11.29:974][ 94]Cmd: ACTOR DELETE
[2016.10.01-08.11.30:015][ 94]LogEditorActor: Deleted Actor: StaticMeshActor
[2016.10.01-08.11.30:043][ 94]LogEditorActor: Deleted 1 Actors (0.069 secs)
[2016.10.01-08.11.30:793][122]LogEditorViewport: Clicking on Actor (LMB): StaticMeshActor (Physic_Cube3)
[2016.10.01-08.11.30:964][125]Cmd: DELETE
[2016.10.01-08.11.30:964][125]Cmd: ACTOR DELETE
[2016.10.01-08.11.31:007][125]LogEditorActor: Deleted Actor: StaticMeshActor
[2016.10.01-08.11.31:034][125]LogEditorActor: Deleted 1 Actors (0.070 secs)
[2016.10.01-08.11.35:795][303]LogEditorViewport: Clicking on Actor (LMB): StaticMeshActor (Physic_Cube5)
[2016.10.01-08.11.36:147][313]Cmd: DELETE
[2016.10.01-08.11.36:147][313]Cmd: ACTOR DELETE
[2016.10.01-08.11.36:185][313]LogEditorActor: Deleted Actor: StaticMeshActor
[2016.10.01-08.11.36:204][313]LogEditorActor: Deleted 1 Actors (0.056 secs)
[2016.10.01-08.11.38:245][391]LogEditorViewport: Clicking on Actor (LMB): StaticMeshActor (Physic_Cube4)
[2016.10.01-08.11.38:617][403]Cmd: DELETE
[2016.10.01-08.11.38:617][403]Cmd: ACTOR DELETE
[2016.10.01-08.11.38:658][403]LogEditorActor: Deleted Actor: StaticMeshActor
[2016.10.01-08.11.38:690][403]LogEditorActor: Deleted 1 Actors (0.073 secs)
[2016.10.01-08.12.27:303][ 27]Cmd: SELECT NONE
[2016.10.01-08.12.48:528][206]Cmd: MAP IMPORTADD FILE="../../../../../../Projekte/SA/VRmotion_HSR-Game/Prototyp/proto.obj"
[2016.10.01-08.12.48:587][206]LogFactory: FactoryCreateFile: World with FbxSceneImportFactory (0 0 ../../../../../../Projekte/SA/VRmotion_HSR-Game/Prototyp/proto.obj)
[2016.10.01-08.12.48:787][206]LogFbx: Loading FBX Scene from ../../../../../../Projekte/SA/VRmotion_HSR-Game/Prototyp/proto.obj
[2016.10.01-08.12.50:460][206]LogFbx: FBX Scene Loaded Succesfully
[2016.10.01-08.12.50:507][206]LogFbx: =================================================
[2016.10.01-08.12.50:507][206]LogFbx: Dumping Node START [default] 
[2016.10.01-08.12.50:507][206]LogFbx: 	Total Deformer Count -783950872.
[2016.10.01-08.12.50:507][206]LogFbx: 	Attribute () Type (4).
[2016.10.01-08.12.50:507][206]LogFbx: 		[Node Attribute Child 1] default (Type Mesh).
[2016.10.01-08.12.50:507][206]LogFbx: Dumping Node END [default]
[2016.10.01-08.12.50:508][206]LogFbx: =================================================
[2016.10.01-08.12.50:508][206]LogFbx: Dumping Node START [default] 
[2016.10.01-08.12.50:508][206]LogFbx: 	Total Deformer Count -783949696.
[2016.10.01-08.12.50:508][206]LogFbx: 	Attribute () Type (4).
[2016.10.01-08.12.50:508][206]LogFbx: 		[Node Attribute Child 1] default (Type Mesh).
[2016.10.01-08.12.50:508][206]LogFbx: Dumping Node END [default]
[2016.10.01-08.12.50:508][206]LogFbx: =================================================
[2016.10.01-08.12.50:508][206]LogFbx: Dumping Node START [default] 
[2016.10.01-08.12.50:508][206]LogFbx: 	Total Deformer Count -783949696.
[2016.10.01-08.12.50:508][206]LogFbx: 	Attribute () Type (4).
[2016.10.01-08.12.50:508][206]LogFbx: 		[Node Attribute Child 1] default (Type Mesh).
[2016.10.01-08.12.50:508][206]LogFbx: Dumping Node END [default]
[2016.10.01-08.14.25:539][206]LogLinker: Can't find file '/Game/VehicleBP/Maps/ASPHALT_0'
[2016.10.01-08.14.25:540][206]LogLinker:Warning: Can't find file '/Game/VehicleBP/Maps/ASPHALT_0'
[2016.10.01-08.14.25:540][206]LogLinker: Can't find file '/Game/VehicleBP/Maps/ASPHALT_0'
[2016.10.01-08.14.25:541][206]LogLinker: Can't find file '/Game/VehicleBP/Maps/PAVING_STONE_0'
[2016.10.01-08.14.25:542][206]LogLinker:Warning: Can't find file '/Game/VehicleBP/Maps/PAVING_STONE_0'
[2016.10.01-08.14.25:542][206]LogLinker: Can't find file '/Game/VehicleBP/Maps/PAVING_STONE_0'
[2016.10.01-08.14.25:543][206]LogLinker: Can't find file '/Game/VehicleBP/Maps/WOOD_0'
[2016.10.01-08.14.25:544][206]LogLinker:Warning: Can't find file '/Game/VehicleBP/Maps/WOOD_0'
[2016.10.01-08.14.25:544][206]LogLinker: Can't find file '/Game/VehicleBP/Maps/WOOD_0'
[2016.10.01-08.14.25:545][206]LogLinker: Can't find file '/Game/VehicleBP/Maps/GRAVEL_0'
[2016.10.01-08.14.25:545][206]LogLinker:Warning: Can't find file '/Game/VehicleBP/Maps/GRAVEL_0'
[2016.10.01-08.14.25:545][206]LogLinker: Can't find file '/Game/VehicleBP/Maps/GRAVEL_0'
[2016.10.01-08.14.25:547][206]LogLinker: Can't find file '/Game/VehicleBP/Maps/RAIL_BALLAST_DEFAULT_0'
[2016.10.01-08.14.25:547][206]LogLinker:Warning: Can't find file '/Game/VehicleBP/Maps/RAIL_BALLAST_DEFAULT_0'
[2016.10.01-08.14.25:548][206]LogLinker: Can't find file '/Game/VehicleBP/Maps/RAIL_BALLAST_DEFAULT_0'
[2016.10.01-08.14.25:549][206]LogLinker: Can't find file '/Game/VehicleBP/Maps/RAIL_DEFAULT_0'
[2016.10.01-08.14.25:549][206]LogLinker:Warning: Can't find file '/Game/VehicleBP/Maps/RAIL_DEFAULT_0'
[2016.10.01-08.14.25:550][206]LogLinker: Can't find file '/Game/VehicleBP/Maps/RAIL_DEFAULT_0'
[2016.10.01-08.14.25:551][206]LogLinker: Can't find file '/Game/VehicleBP/Maps/EARTH_0'
[2016.10.01-08.14.25:551][206]LogLinker:Warning: Can't find file '/Game/VehicleBP/Maps/EARTH_0'
[2016.10.01-08.14.25:552][206]LogLinker: Can't find file '/Game/VehicleBP/Maps/EARTH_0'
[2016.10.01-08.14.25:553][206]LogLinker: Can't find file '/Game/VehicleBP/Maps/MAT_3_0'
[2016.10.01-08.14.25:554][206]LogLinker:Warning: Can't find file '/Game/VehicleBP/Maps/MAT_3_0'
[2016.10.01-08.14.25:554][206]LogLinker: Can't find file '/Game/VehicleBP/Maps/MAT_3_0'
[2016.10.01-08.14.25:555][206]LogLinker: Can't find file '/Game/VehicleBP/Maps/MAT_2_0'
[2016.10.01-08.14.25:555][206]LogLinker:Warning: Can't find file '/Game/VehicleBP/Maps/MAT_2_0'
[2016.10.01-08.14.25:555][206]LogLinker: Can't find file '/Game/VehicleBP/Maps/MAT_2_0'
[2016.10.01-08.14.25:557][206]LogLinker: Can't find file '/Game/VehicleBP/Maps/MAT_0_0'
[2016.10.01-08.14.25:558][206]LogLinker:Warning: Can't find file '/Game/VehicleBP/Maps/MAT_0_0'
[2016.10.01-08.14.25:558][206]LogLinker: Can't find file '/Game/VehicleBP/Maps/MAT_0_0'
[2016.10.01-08.14.25:560][206]LogLinker: Can't find file '/Game/VehicleBP/Maps/MAT_4_0'
[2016.10.01-08.14.25:560][206]LogLinker:Warning: Can't find file '/Game/VehicleBP/Maps/MAT_4_0'
[2016.10.01-08.14.25:560][206]LogLinker: Can't find file '/Game/VehicleBP/Maps/MAT_4_0'
[2016.10.01-08.14.25:562][206]LogLinker: Can't find file '/Game/VehicleBP/Maps/FIREHYDRANT_0'
[2016.10.01-08.14.25:562][206]LogLinker:Warning: Can't find file '/Game/VehicleBP/Maps/FIREHYDRANT_0'
[2016.10.01-08.14.25:562][206]LogLinker: Can't find file '/Game/VehicleBP/Maps/FIREHYDRANT_0'
[2016.10.01-08.14.25:564][206]LogLinker: Can't find file '/Game/VehicleBP/Maps/TERRAIN_DEFAULT_0'
[2016.10.01-08.14.25:564][206]LogLinker:Warning: Can't find file '/Game/VehicleBP/Maps/TERRAIN_DEFAULT_0'
[2016.10.01-08.14.25:564][206]LogLinker: Can't find file '/Game/VehicleBP/Maps/TERRAIN_DEFAULT_0'
[2016.10.01-08.14.25:566][206]LogLinker: Can't find file '/Game/VehicleBP/Maps/STEPS_DEFAULT_0'
[2016.10.01-08.14.25:566][206]LogLinker:Warning: Can't find file '/Game/VehicleBP/Maps/STEPS_DEFAULT_0'
[2016.10.01-08.14.25:566][206]LogLinker: Can't find file '/Game/VehicleBP/Maps/STEPS_DEFAULT_0'
[2016.10.01-08.14.25:567][206]LogLinker: Can't find file '/Game/VehicleBP/Maps/BUILDING_DEFAULT_0'
[2016.10.01-08.14.25:568][206]LogLinker:Warning: Can't find file '/Game/VehicleBP/Maps/BUILDING_DEFAULT_0'
[2016.10.01-08.14.25:568][206]LogLinker: Can't find file '/Game/VehicleBP/Maps/BUILDING_DEFAULT_0'
[2016.10.01-08.14.25:570][206]LogLinker: Can't find file '/Game/VehicleBP/Maps/ROOF_DEFAULT_0'
[2016.10.01-08.14.25:570][206]LogLinker:Warning: Can't find file '/Game/VehicleBP/Maps/ROOF_DEFAULT_0'
[2016.10.01-08.14.25:570][206]LogLinker: Can't find file '/Game/VehicleBP/Maps/ROOF_DEFAULT_0'
[2016.10.01-08.14.25:572][206]LogLinker: Can't find file '/Game/VehicleBP/Maps/MAT_9_0'
[2016.10.01-08.14.25:572][206]LogLinker:Warning: Can't find file '/Game/VehicleBP/Maps/MAT_9_0'
[2016.10.01-08.14.25:572][206]LogLinker: Can't find file '/Game/VehicleBP/Maps/MAT_9_0'
[2016.10.01-08.14.25:574][206]LogLinker: Can't find file '/Game/VehicleBP/Maps/ROAD_MARKING_DASHED_0'
[2016.10.01-08.14.25:574][206]LogLinker:Warning: Can't find file '/Game/VehicleBP/Maps/ROAD_MARKING_DASHED_0'
[2016.10.01-08.14.25:574][206]LogLinker: Can't find file '/Game/VehicleBP/Maps/ROAD_MARKING_DASHED_0'
[2016.10.01-08.14.25:576][206]LogLinker: Can't find file '/Game/VehicleBP/Maps/GRASS_0'
[2016.10.01-08.14.25:576][206]LogLinker:Warning: Can't find file '/Game/VehicleBP/Maps/GRASS_0'
[2016.10.01-08.14.25:576][206]LogLinker: Can't find file '/Game/VehicleBP/Maps/GRASS_0'
[2016.10.01-08.14.25:578][206]LogLinker: Can't find file '/Game/VehicleBP/Maps/HEDGE_0'
[2016.10.01-08.14.25:578][206]LogLinker:Warning: Can't find file '/Game/VehicleBP/Maps/HEDGE_0'
[2016.10.01-08.14.25:578][206]LogLinker: Can't find file '/Game/VehicleBP/Maps/HEDGE_0'
[2016.10.01-08.14.25:580][206]LogLinker: Can't find file '/Game/VehicleBP/Maps/WATER_0'
[2016.10.01-08.14.25:581][206]LogLinker:Warning: Can't find file '/Game/VehicleBP/Maps/WATER_0'
[2016.10.01-08.14.25:581][206]LogLinker: Can't find file '/Game/VehicleBP/Maps/WATER_0'
[2016.10.01-08.14.25:582][206]LogLinker: Can't find file '/Game/VehicleBP/Maps/MAT_5_0'
[2016.10.01-08.14.25:583][206]LogLinker:Warning: Can't find file '/Game/VehicleBP/Maps/MAT_5_0'
[2016.10.01-08.14.25:583][206]LogLinker: Can't find file '/Game/VehicleBP/Maps/MAT_5_0'
[2016.10.01-08.14.25:584][206]LogLinker: Can't find file '/Game/VehicleBP/Maps/BRIDGE_DEFAULT_0'
[2016.10.01-08.14.25:585][206]LogLinker:Warning: Can't find file '/Game/VehicleBP/Maps/BRIDGE_DEFAULT_0'
[2016.10.01-08.14.25:585][206]LogLinker: Can't find file '/Game/VehicleBP/Maps/BRIDGE_DEFAULT_0'
[2016.10.01-08.14.25:586][206]LogLinker: Can't find file '/Game/VehicleBP/Maps/RED_ROAD_MARKING_0'
[2016.10.01-08.14.25:586][206]LogLinker:Warning: Can't find file '/Game/VehicleBP/Maps/RED_ROAD_MARKING_0'
[2016.10.01-08.14.25:587][206]LogLinker: Can't find file '/Game/VehicleBP/Maps/RED_ROAD_MARKING_0'
[2016.10.01-08.14.25:588][206]LogLinker: Can't find file '/Game/VehicleBP/Maps/GLASS_0'
[2016.10.01-08.14.25:588][206]LogLinker:Warning: Can't find file '/Game/VehicleBP/Maps/GLASS_0'
[2016.10.01-08.14.25:588][206]LogLinker: Can't find file '/Game/VehicleBP/Maps/GLASS_0'
[2016.10.01-08.14.25:590][206]LogLinker: Can't find file '/Game/VehicleBP/Maps/TUNNEL_DEFAULT_0'
[2016.10.01-08.14.25:590][206]LogLinker:Warning: Can't find file '/Game/VehicleBP/Maps/TUNNEL_DEFAULT_0'
[2016.10.01-08.14.25:590][206]LogLinker: Can't find file '/Game/VehicleBP/Maps/TUNNEL_DEFAULT_0'
[2016.10.01-08.14.25:592][206]LogLinker: Can't find file '/Game/VehicleBP/Maps/STEEL_0'
[2016.10.01-08.14.25:592][206]LogLinker:Warning: Can't find file '/Game/VehicleBP/Maps/STEEL_0'
[2016.10.01-08.14.25:593][206]LogLinker: Can't find file '/Game/VehicleBP/Maps/STEEL_0'
[2016.10.01-08.14.25:594][206]LogLinker: Can't find file '/Game/VehicleBP/Maps/MAT_1_0'
[2016.10.01-08.14.25:595][206]LogLinker:Warning: Can't find file '/Game/VehicleBP/Maps/MAT_1_0'
[2016.10.01-08.14.25:595][206]LogLinker: Can't find file '/Game/VehicleBP/Maps/MAT_1_0'
[2016.10.01-08.14.25:597][206]LogLinker: Can't find file '/Game/VehicleBP/Maps/ENTRANCE_DEFAULT_0'
[2016.10.01-08.14.25:597][206]LogLinker:Warning: Can't find file '/Game/VehicleBP/Maps/ENTRANCE_DEFAULT_0'
[2016.10.01-08.14.25:597][206]LogLinker: Can't find file '/Game/VehicleBP/Maps/ENTRANCE_DEFAULT_0'
[2016.10.01-08.14.25:599][206]LogLinker: Can't find file '/Game/VehicleBP/Maps/MAT_8_0'
[2016.10.01-08.14.25:599][206]LogLinker:Warning: Can't find file '/Game/VehicleBP/Maps/MAT_8_0'
[2016.10.01-08.14.25:599][206]LogLinker: Can't find file '/Game/VehicleBP/Maps/MAT_8_0'
[2016.10.01-08.14.25:601][206]LogLinker: Can't find file '/Game/VehicleBP/Maps/MAT_11_0'
[2016.10.01-08.14.25:601][206]LogLinker:Warning: Can't find file '/Game/VehicleBP/Maps/MAT_11_0'
[2016.10.01-08.14.25:601][206]LogLinker: Can't find file '/Game/VehicleBP/Maps/MAT_11_0'
[2016.10.01-08.14.25:603][206]LogLinker: Can't find file '/Game/VehicleBP/Maps/CONCRETE_0'
[2016.10.01-08.14.25:603][206]LogLinker:Warning: Can't find file '/Game/VehicleBP/Maps/CONCRETE_0'
[2016.10.01-08.14.25:603][206]LogLinker: Can't find file '/Game/VehicleBP/Maps/CONCRETE_0'
[2016.10.01-08.14.25:604][206]LogLinker: Can't find file '/Game/VehicleBP/Maps/BUS_STOP_SIGN_0'
[2016.10.01-08.14.25:605][206]LogLinker:Warning: Can't find file '/Game/VehicleBP/Maps/BUS_STOP_SIGN_0'
[2016.10.01-08.14.25:605][206]LogLinker: Can't find file '/Game/VehicleBP/Maps/BUS_STOP_SIGN_0'
[2016.10.01-08.14.28:161][206]LogLinker: Can't find file '/Game/VehicleBP/Maps/PLASTIC_0'
[2016.10.01-08.14.28:161][206]LogLinker:Warning: Can't find file '/Game/VehicleBP/Maps/PLASTIC_0'
[2016.10.01-08.14.28:162][206]LogLinker: Can't find file '/Game/VehicleBP/Maps/PLASTIC_0'
[2016.10.01-08.14.28:164][206]LogLinker: Can't find file '/Game/VehicleBP/Maps/SAND_0'
[2016.10.01-08.14.28:164][206]LogLinker:Warning: Can't find file '/Game/VehicleBP/Maps/SAND_0'
[2016.10.01-08.14.28:165][206]LogLinker: Can't find file '/Game/VehicleBP/Maps/SAND_0'
[2016.10.01-08.14.28:231][206]LogLinker: Can't find file '/Game/VehicleBP/Maps/MAT_12_0'
[2016.10.01-08.14.28:231][206]LogLinker:Warning: Can't find file '/Game/VehicleBP/Maps/MAT_12_0'
[2016.10.01-08.14.28:231][206]LogLinker: Can't find file '/Game/VehicleBP/Maps/MAT_12_0'
[2016.10.01-08.14.28:232][206]LogLinker: Can't find file '/Game/VehicleBP/Maps/GLASS_ROOF_0'
[2016.10.01-08.14.28:232][206]LogLinker:Warning: Can't find file '/Game/VehicleBP/Maps/GLASS_ROOF_0'
[2016.10.01-08.14.28:232][206]LogLinker: Can't find file '/Game/VehicleBP/Maps/GLASS_ROOF_0'
[2016.10.01-08.14.28:257][206]LogLinker: Can't find file '/Game/VehicleBP/Maps/MAT_10_0'
[2016.10.01-08.14.28:257][206]LogLinker:Warning: Can't find file '/Game/VehicleBP/Maps/MAT_10_0'
[2016.10.01-08.14.28:257][206]LogLinker: Can't find file '/Game/VehicleBP/Maps/MAT_10_0'
[2016.10.01-08.14.28:259][206]LogLinker: Can't find file '/Game/VehicleBP/Maps/MAT_7_0'
[2016.10.01-08.14.28:259][206]LogLinker:Warning: Can't find file '/Game/VehicleBP/Maps/MAT_7_0'
[2016.10.01-08.14.28:259][206]LogLinker: Can't find file '/Game/VehicleBP/Maps/MAT_7_0'
[2016.10.01-08.14.28:284][206]LogLinker: Can't find file '/Game/VehicleBP/Maps/MAT_6_0'
[2016.10.01-08.14.28:284][206]LogLinker:Warning: Can't find file '/Game/VehicleBP/Maps/MAT_6_0'
[2016.10.01-08.14.28:284][206]LogLinker: Can't find file '/Game/VehicleBP/Maps/MAT_6_0'
[2016.10.01-08.15.00:962][206]LogFbx: =================================================
[2016.10.01-08.15.00:962][206]LogFbx: Dumping Node START [default] 
[2016.10.01-08.15.00:962][206]LogFbx: 	Total Deformer Count -844945984.
[2016.10.01-08.15.00:962][206]LogFbx: 	Attribute () Type (4).
[2016.10.01-08.15.00:962][206]LogFbx: 		[Node Attribute Child 1] default (Type Mesh).
[2016.10.01-08.15.00:962][206]LogFbx: Dumping Node END [default]
[2016.10.01-08.15.00:962][206]LogFbx: =================================================
[2016.10.01-08.15.00:962][206]LogFbx: Dumping Node START [default] 
[2016.10.01-08.15.00:962][206]LogFbx: 	Total Deformer Count -844946040.
[2016.10.01-08.15.00:962][206]LogFbx: 	Attribute () Type (4).
[2016.10.01-08.15.00:962][206]LogFbx: 		[Node Attribute Child 1] default (Type Mesh).
[2016.10.01-08.15.00:962][206]LogFbx: Dumping Node END [default]
[2016.10.01-08.15.00:962][206]LogFbx: =================================================
[2016.10.01-08.15.00:962][206]LogFbx: Dumping Node START [default] 
[2016.10.01-08.15.00:962][206]LogFbx: 	Total Deformer Count -844946040.
[2016.10.01-08.15.00:962][206]LogFbx: 	Attribute () Type (4).
[2016.10.01-08.15.00:962][206]LogFbx: 		[Node Attribute Child 1] default (Type Mesh).
[2016.10.01-08.15.00:962][206]LogFbx: Dumping Node END [default]
[2016.10.01-08.15.00:995][206]LogLinker:Warning: Can't find file '/Game/VehicleBP/Maps/ASPHALT_0'
[2016.10.01-08.15.01:023][206]LogLinker: Can't find file '/Game/VehicleBP/Maps/ASPHALT_0'
[2016.10.01-08.15.01:043][206]LogMaterial: Missing cached shader map for material ASPHALT_0, compiling. 
[2016.10.01-08.15.01:188][206]LogLinker:Warning: Can't find file '/Game/VehicleBP/Maps/PAVING_STONE_0'
[2016.10.01-08.15.01:188][206]LogLinker: Can't find file '/Game/VehicleBP/Maps/PAVING_STONE_0'
[2016.10.01-08.15.01:202][206]LogMaterial: Missing cached shader map for material PAVING_STONE_0, compiling. 
[2016.10.01-08.15.01:258][206]LogLinker:Warning: Can't find file '/Game/VehicleBP/Maps/WOOD_0'
[2016.10.01-08.15.01:258][206]LogLinker: Can't find file '/Game/VehicleBP/Maps/WOOD_0'
[2016.10.01-08.15.01:269][206]LogMaterial: Missing cached shader map for material WOOD_0, compiling. 
[2016.10.01-08.15.01:304][206]LogLinker:Warning: Can't find file '/Game/VehicleBP/Maps/GRAVEL_0'
[2016.10.01-08.15.01:304][206]LogLinker: Can't find file '/Game/VehicleBP/Maps/GRAVEL_0'
[2016.10.01-08.15.01:316][206]LogMaterial: Missing cached shader map for material GRAVEL_0, compiling. 
[2016.10.01-08.15.01:353][206]LogLinker:Warning: Can't find file '/Game/VehicleBP/Maps/RAIL_BALLAST_DEFAULT_0'
[2016.10.01-08.15.01:354][206]LogLinker: Can't find file '/Game/VehicleBP/Maps/RAIL_BALLAST_DEFAULT_0'
[2016.10.01-08.15.01:361][206]LogMaterial: Missing cached shader map for material RAIL_BALLAST_DEFAULT_0, compiling. 
[2016.10.01-08.15.01:387][206]LogLinker:Warning: Can't find file '/Game/VehicleBP/Maps/RAIL_DEFAULT_0'
[2016.10.01-08.15.01:387][206]LogLinker: Can't find file '/Game/VehicleBP/Maps/RAIL_DEFAULT_0'
[2016.10.01-08.15.01:394][206]LogMaterial: Missing cached shader map for material RAIL_DEFAULT_0, compiling. 
[2016.10.01-08.15.01:413][206]LogLinker:Warning: Can't find file '/Game/VehicleBP/Maps/EARTH_0'
[2016.10.01-08.15.01:413][206]LogLinker: Can't find file '/Game/VehicleBP/Maps/EARTH_0'
[2016.10.01-08.15.01:418][206]LogMaterial: Missing cached shader map for material EARTH_0, compiling. 
[2016.10.01-08.15.01:440][206]LogLinker:Warning: Can't find file '/Game/VehicleBP/Maps/MAT_3_0'
[2016.10.01-08.15.01:441][206]LogLinker: Can't find file '/Game/VehicleBP/Maps/MAT_3_0'
[2016.10.01-08.15.01:445][206]LogMaterial: Missing cached shader map for material MAT_3_0, compiling. 
[2016.10.01-08.15.01:480][206]LogLinker:Warning: Can't find file '/Game/VehicleBP/Maps/MAT_2_0'
[2016.10.01-08.15.01:481][206]LogLinker: Can't find file '/Game/VehicleBP/Maps/MAT_2_0'
[2016.10.01-08.15.01:498][206]LogMaterial: Missing cached shader map for material MAT_2_0, compiling. 
[2016.10.01-08.15.01:578][206]LogLinker:Warning: Can't find file '/Game/VehicleBP/Maps/MAT_0_0'
[2016.10.01-08.15.01:579][206]LogLinker: Can't find file '/Game/VehicleBP/Maps/MAT_0_0'
[2016.10.01-08.15.01:598][206]LogMaterial: Missing cached shader map for material MAT_0_0, compiling. 
[2016.10.01-08.15.01:664][206]LogLinker:Warning: Can't find file '/Game/VehicleBP/Maps/MAT_4_0'
[2016.10.01-08.15.01:665][206]LogLinker: Can't find file '/Game/VehicleBP/Maps/MAT_4_0'
[2016.10.01-08.15.01:688][206]LogMaterial: Missing cached shader map for material MAT_4_0, compiling. 
[2016.10.01-08.15.01:758][206]LogLinker:Warning: Can't find file '/Game/VehicleBP/Maps/FIREHYDRANT_0'
[2016.10.01-08.15.01:759][206]LogLinker: Can't find file '/Game/VehicleBP/Maps/FIREHYDRANT_0'
[2016.10.01-08.15.01:776][206]LogMaterial: Missing cached shader map for material FIREHYDRANT_0, compiling. 
[2016.10.01-08.15.01:833][206]LogLinker:Warning: Can't find file '/Game/VehicleBP/Maps/TERRAIN_DEFAULT_0'
[2016.10.01-08.15.01:834][206]LogLinker: Can't find file '/Game/VehicleBP/Maps/TERRAIN_DEFAULT_0'
[2016.10.01-08.15.01:850][206]LogMaterial: Missing cached shader map for material TERRAIN_DEFAULT_0, compiling. 
[2016.10.01-08.15.01:920][206]LogLinker:Warning: Can't find file '/Game/VehicleBP/Maps/STEPS_DEFAULT_0'
[2016.10.01-08.15.01:920][206]LogLinker: Can't find file '/Game/VehicleBP/Maps/STEPS_DEFAULT_0'
[2016.10.01-08.15.01:937][206]LogMaterial: Missing cached shader map for material STEPS_DEFAULT_0, compiling. 
[2016.10.01-08.15.01:998][206]LogLinker:Warning: Can't find file '/Game/VehicleBP/Maps/BUILDING_DEFAULT_0'
[2016.10.01-08.15.01:999][206]LogLinker: Can't find file '/Game/VehicleBP/Maps/BUILDING_DEFAULT_0'
[2016.10.01-08.15.02:017][206]LogMaterial: Missing cached shader map for material BUILDING_DEFAULT_0, compiling. 
[2016.10.01-08.15.02:072][206]LogLinker:Warning: Can't find file '/Game/VehicleBP/Maps/ROOF_DEFAULT_0'
[2016.10.01-08.15.02:072][206]LogLinker: Can't find file '/Game/VehicleBP/Maps/ROOF_DEFAULT_0'
[2016.10.01-08.15.02:088][206]LogMaterial: Missing cached shader map for material ROOF_DEFAULT_0, compiling. 
[2016.10.01-08.15.02:147][206]LogLinker:Warning: Can't find file '/Game/VehicleBP/Maps/MAT_9_0'
[2016.10.01-08.15.02:147][206]LogLinker: Can't find file '/Game/VehicleBP/Maps/MAT_9_0'
[2016.10.01-08.15.02:167][206]LogMaterial: Missing cached shader map for material MAT_9_0, compiling. 
[2016.10.01-08.15.02:229][206]LogLinker:Warning: Can't find file '/Game/VehicleBP/Maps/ROAD_MARKING_DASHED_0'
[2016.10.01-08.15.02:230][206]LogLinker: Can't find file '/Game/VehicleBP/Maps/ROAD_MARKING_DASHED_0'
[2016.10.01-08.15.02:247][206]LogMaterial: Missing cached shader map for material ROAD_MARKING_DASHED_0, compiling. 
[2016.10.01-08.15.02:319][206]LogLinker:Warning: Can't find file '/Game/VehicleBP/Maps/GRASS_0'
[2016.10.01-08.15.02:319][206]LogLinker: Can't find file '/Game/VehicleBP/Maps/GRASS_0'
[2016.10.01-08.15.02:340][206]LogMaterial: Missing cached shader map for material GRASS_0, compiling. 
[2016.10.01-08.15.02:408][206]LogLinker:Warning: Can't find file '/Game/VehicleBP/Maps/HEDGE_0'
[2016.10.01-08.15.02:408][206]LogLinker: Can't find file '/Game/VehicleBP/Maps/HEDGE_0'
[2016.10.01-08.15.02:426][206]LogMaterial: Missing cached shader map for material HEDGE_0, compiling. 
[2016.10.01-08.15.02:497][206]LogLinker:Warning: Can't find file '/Game/VehicleBP/Maps/WATER_0'
[2016.10.01-08.15.02:498][206]LogLinker: Can't find file '/Game/VehicleBP/Maps/WATER_0'
[2016.10.01-08.15.02:515][206]LogMaterial: Missing cached shader map for material WATER_0, compiling. 
[2016.10.01-08.15.02:590][206]LogLinker:Warning: Can't find file '/Game/VehicleBP/Maps/MAT_5_0'
[2016.10.01-08.15.02:590][206]LogLinker: Can't find file '/Game/VehicleBP/Maps/MAT_5_0'
[2016.10.01-08.15.02:607][206]LogMaterial: Missing cached shader map for material MAT_5_0, compiling. 
[2016.10.01-08.15.02:668][206]LogLinker:Warning: Can't find file '/Game/VehicleBP/Maps/BRIDGE_DEFAULT_0'
[2016.10.01-08.15.02:669][206]LogLinker: Can't find file '/Game/VehicleBP/Maps/BRIDGE_DEFAULT_0'
[2016.10.01-08.15.02:694][206]LogMaterial: Missing cached shader map for material BRIDGE_DEFAULT_0, compiling. 
[2016.10.01-08.15.02:762][206]LogLinker:Warning: Can't find file '/Game/VehicleBP/Maps/RED_ROAD_MARKING_0'
[2016.10.01-08.15.02:762][206]LogLinker: Can't find file '/Game/VehicleBP/Maps/RED_ROAD_MARKING_0'
[2016.10.01-08.15.02:785][206]LogMaterial: Missing cached shader map for material RED_ROAD_MARKING_0, compiling. 
[2016.10.01-08.15.02:865][206]LogLinker:Warning: Can't find file '/Game/VehicleBP/Maps/GLASS_0'
[2016.10.01-08.15.02:868][206]LogLinker: Can't find file '/Game/VehicleBP/Maps/GLASS_0'
[2016.10.01-08.15.02:888][206]LogMaterial: Missing cached shader map for material GLASS_0, compiling. 
[2016.10.01-08.15.02:965][206]LogLinker:Warning: Can't find file '/Game/VehicleBP/Maps/TUNNEL_DEFAULT_0'
[2016.10.01-08.15.02:966][206]LogLinker: Can't find file '/Game/VehicleBP/Maps/TUNNEL_DEFAULT_0'
[2016.10.01-08.15.02:984][206]LogMaterial: Missing cached shader map for material TUNNEL_DEFAULT_0, compiling. 
[2016.10.01-08.15.03:051][206]LogLinker:Warning: Can't find file '/Game/VehicleBP/Maps/STEEL_0'
[2016.10.01-08.15.03:052][206]LogLinker: Can't find file '/Game/VehicleBP/Maps/STEEL_0'
[2016.10.01-08.15.03:075][206]LogMaterial: Missing cached shader map for material STEEL_0, compiling. 
[2016.10.01-08.15.03:157][206]LogLinker:Warning: Can't find file '/Game/VehicleBP/Maps/MAT_1_0'
[2016.10.01-08.15.03:158][206]LogLinker: Can't find file '/Game/VehicleBP/Maps/MAT_1_0'
[2016.10.01-08.15.03:180][206]LogMaterial: Missing cached shader map for material MAT_1_0, compiling. 
[2016.10.01-08.15.03:257][206]LogLinker:Warning: Can't find file '/Game/VehicleBP/Maps/ENTRANCE_DEFAULT_0'
[2016.10.01-08.15.03:258][206]LogLinker: Can't find file '/Game/VehicleBP/Maps/ENTRANCE_DEFAULT_0'
[2016.10.01-08.15.03:276][206]LogMaterial: Missing cached shader map for material ENTRANCE_DEFAULT_0, compiling. 
[2016.10.01-08.15.03:343][206]LogLinker:Warning: Can't find file '/Game/VehicleBP/Maps/MAT_8_0'
[2016.10.01-08.15.03:343][206]LogLinker: Can't find file '/Game/VehicleBP/Maps/MAT_8_0'
[2016.10.01-08.15.03:359][206]LogMaterial: Missing cached shader map for material MAT_8_0, compiling. 
[2016.10.01-08.15.03:419][206]LogLinker:Warning: Can't find file '/Game/VehicleBP/Maps/MAT_11_0'
[2016.10.01-08.15.03:419][206]LogLinker: Can't find file '/Game/VehicleBP/Maps/MAT_11_0'
[2016.10.01-08.15.03:438][206]LogMaterial: Missing cached shader map for material MAT_11_0, compiling. 
[2016.10.01-08.15.03:507][206]LogLinker:Warning: Can't find file '/Game/VehicleBP/Maps/CONCRETE_0'
[2016.10.01-08.15.03:508][206]LogLinker: Can't find file '/Game/VehicleBP/Maps/CONCRETE_0'
[2016.10.01-08.15.03:526][206]LogMaterial: Missing cached shader map for material CONCRETE_0, compiling. 
[2016.10.01-08.15.03:598][206]LogLinker:Warning: Can't find file '/Game/VehicleBP/Maps/BUS_STOP_SIGN_0'
[2016.10.01-08.15.03:599][206]LogLinker: Can't find file '/Game/VehicleBP/Maps/BUS_STOP_SIGN_0'
[2016.10.01-08.15.03:617][206]LogMaterial: Missing cached shader map for material BUS_STOP_SIGN_0, compiling. 
[2016.10.01-08.15.03:696][206]LogLinker:Warning: Can't find file '/Game/VehicleBP/Maps/PLASTIC_0'
[2016.10.01-08.15.03:696][206]LogLinker: Can't find file '/Game/VehicleBP/Maps/PLASTIC_0'
[2016.10.01-08.15.03:718][206]LogMaterial: Missing cached shader map for material PLASTIC_0, compiling. 
[2016.10.01-08.15.03:788][206]LogLinker:Warning: Can't find file '/Game/VehicleBP/Maps/SAND_0'
[2016.10.01-08.15.03:788][206]LogLinker: Can't find file '/Game/VehicleBP/Maps/SAND_0'
[2016.10.01-08.15.03:808][206]LogMaterial: Missing cached shader map for material SAND_0, compiling. 
[2016.10.01-08.15.03:867][206]LogLinker:Warning: Can't find file '/Game/VehicleBP/Maps/MAT_12_0'
[2016.10.01-08.15.03:868][206]LogLinker: Can't find file '/Game/VehicleBP/Maps/MAT_12_0'
[2016.10.01-08.15.03:884][206]LogMaterial: Missing cached shader map for material MAT_12_0, compiling. 
[2016.10.01-08.15.03:951][206]LogLinker:Warning: Can't find file '/Game/VehicleBP/Maps/GLASS_ROOF_0'
[2016.10.01-08.15.03:952][206]LogLinker: Can't find file '/Game/VehicleBP/Maps/GLASS_ROOF_0'
[2016.10.01-08.15.03:969][206]LogMaterial: Missing cached shader map for material GLASS_ROOF_0, compiling. 
[2016.10.01-08.15.04:036][206]LogLinker:Warning: Can't find file '/Game/VehicleBP/Maps/MAT_10_0'
[2016.10.01-08.15.04:037][206]LogLinker: Can't find file '/Game/VehicleBP/Maps/MAT_10_0'
[2016.10.01-08.15.04:060][206]LogMaterial: Missing cached shader map for material MAT_10_0, compiling. 
[2016.10.01-08.15.04:144][206]LogLinker:Warning: Can't find file '/Game/VehicleBP/Maps/MAT_7_0'
[2016.10.01-08.15.04:144][206]LogLinker: Can't find file '/Game/VehicleBP/Maps/MAT_7_0'
[2016.10.01-08.15.04:162][206]LogMaterial: Missing cached shader map for material MAT_7_0, compiling. 
[2016.10.01-08.15.04:221][206]LogLinker:Warning: Can't find file '/Game/VehicleBP/Maps/MAT_6_0'
[2016.10.01-08.15.04:222][206]LogLinker: Can't find file '/Game/VehicleBP/Maps/MAT_6_0'
[2016.10.01-08.15.04:243][206]LogMaterial: Missing cached shader map for material MAT_6_0, compiling. 
[2016.10.01-08.15.04:325][206]LogFbx:Warning: Triangulating static mesh default
[2016.10.01-08.15.05:131][206]LogStaticMesh: Building static mesh default...
[2016.10.01-08.15.05:892][206]LogMeshUtilities: Invalid vertex normals found for mesh. Forcing recomputation of vertex normals for MikkTSpace. Fix mesh or disable "Use MikkTSpace Tangent Space" to avoid forced recomputation of normals.
[2016.10.01-08.15.15:405][206]LogStaticMesh: Built static mesh [10.27s] /Game/VehicleBP/Maps/default.default
[2016.10.01-08.15.16:151][206]LogStaticMesh:Warning: default has degenerate tangent bases which will result in incorrect shading.  MikkTSpace relies on tangent bases and may result in mesh corruption, consider disabling this option.
[2016.10.01-08.15.23:976][206]LogContentBrowser: Native class hierarchy updated for 'BlueprintGraph' in 0.0066 seconds. Added 112 classes and 0 folders.
[2016.10.01-08.16.30:058][206]LogCrashTracker: 


[2016.10.01-08.16.30:058][206]LogCrashTracker: 


[2016.10.01-08.16.30:058][206]LogWindows:Error: === Critical error: ===
[2016.10.01-08.16.30:058][206]LogWindows:Error: 
[2016.10.01-08.16.30:058][206]LogWindows:Error: Fatal error!
[2016.10.01-08.16.30:058][206]LogWindows:Error: 
[2016.10.01-08.16.30:058][206]LogWindows:Error: 
[2016.10.01-08.16.30:206][206]LogExit: Executing StaticShutdownAfterError
[2016.10.01-08.16.30:232][206]LogWindows: FPlatformMisc::RequestExit(1)
[2016.10.01-08.16.30:232][206]Log file closed, 10/01/16 10:16:30
